<?xml version="1.0" encoding="UTF-8"?>
<!-- Generated by org.testng.reporters.JUnitXMLReporter -->
<testsuite ignored="0" hostname="DESKTOP-PEVVTSQ" failures="1" tests="1" name="Test" time="51.401" errors="0" timestamp="07 Apr 2022 10:25:25 GMT">
  <testcase classname="com.sai.testcases.Logintest" name="Login" time="19.634">
    <failure type="java.lang.AssertionError" message="expected [true] but found [false]">
      <![CDATA[java.lang.AssertionError: expected [true] but found [false]
at com.sai.testcases.Logintest.Login(Logintest.java:31)
... Removed 29 stack frames]]>
    </failure>
  </testcase> <!-- Login -->
</testsuite> <!-- Test -->
