<?xml version="1.0" encoding="UTF-8"?>
<testng-results ignored="0" total="1" passed="1" failed="0" skipped="0">
  <reporter-output>
  </reporter-output>
  <suite started-at="2022-03-24T16:53:13 IST" name="Suite" finished-at="2022-03-24T16:54:59 IST" duration-ms="105768">
    <groups>
    </groups>
    <test started-at="2022-03-24T16:53:13 IST" name="Test" finished-at="2022-03-24T16:54:59 IST" duration-ms="105768">
      <class name="com.sai.testcases.Registration_DDF">
        <test-method is-config="true" signature="StartTest()[pri:0, instance:com.sai.testcases.Registration_DDF@e4487af]" started-at="2022-03-24T16:53:14 IST" name="StartTest" finished-at="2022-03-24T16:53:37 IST" duration-ms="22966" status="PASS">
          <reporter-output>
          </reporter-output>
        </test-method> <!-- StartTest -->
        <test-method signature="getRegdata(java.lang.String,java.lang.String,java.lang.String,java.lang.String,java.lang.String,java.lang.String,java.lang.String,java.lang.String,java.lang.String)[pri:0, instance:com.sai.testcases.Registration_DDF@e4487af]" started-at="2022-03-24T16:53:41 IST" name="getRegdata" data-provider="RegistrationTest" finished-at="2022-03-24T16:54:58 IST" duration-ms="77803" status="PASS">
          <params>
            <param index="0">
              <value>
                <![CDATA[Pavansaisudeekshanewtst]]>
              </value>
            </param>
            <param index="1">
              <value>
                <![CDATA[24/08/1986]]>
              </value>
            </param>
            <param index="2">
              <value>
                <![CDATA[Nrt]]>
              </value>
            </param>
            <param index="3">
              <value>
                <![CDATA[VNK]]>
              </value>
            </param>
            <param index="4">
              <value>
                <![CDATA[AP]]>
              </value>
            </param>
            <param index="5">
              <value>
                <![CDATA[522647]]>
              </value>
            </param>
            <param index="6">
              <value>
                <![CDATA[8328610490]]>
              </value>
            </param>
            <param index="7">
              <value>
                <![CDATA[Testsaikkkklllsdddds@gmail.com]]>
              </value>
            </param>
            <param index="8">
              <value>
                <![CDATA[sailgfrt]]>
              </value>
            </param>
          </params>
          <reporter-output>
          </reporter-output>
        </test-method> <!-- getRegdata -->
        <test-method is-config="true" signature="TearDown()[pri:0, instance:com.sai.testcases.Registration_DDF@e4487af]" started-at="2022-03-24T16:54:58 IST" name="TearDown" finished-at="2022-03-24T16:54:59 IST" duration-ms="806" status="PASS">
          <reporter-output>
          </reporter-output>
        </test-method> <!-- TearDown -->
      </class> <!-- com.sai.testcases.Registration_DDF -->
    </test> <!-- Test -->
  </suite> <!-- Suite -->
</testng-results>
