-------------------------------------------------------------------------------
Test set: TestSuite
-------------------------------------------------------------------------------
Tests run: 1, Failures: 1, Errors: 0, Skipped: 0, Time elapsed: 50.05 sec <<< FAILURE! - in TestSuite
Login(com.sai.testcases.Logintest)  Time elapsed: 19.49 sec  <<< FAILURE!
java.lang.AssertionError: expected [true] but found [false]
	at com.sai.testcases.Logintest.Login(Logintest.java:31)

