<?xml version="1.0" encoding="UTF-8"?>
<testng-results ignored="0" total="1" passed="1" failed="0" skipped="0">
  <reporter-output>
  </reporter-output>
  <suite started-at="2022-04-07T10:36:37Z" name="Failed suite [Suite]" finished-at="2022-04-07T10:37:23Z" duration-ms="45658">
    <groups>
    </groups>
    <test started-at="2022-04-07T10:36:37Z" name="Test(failed)" finished-at="2022-04-07T10:37:23Z" duration-ms="45658">
      <class name="com.sai.testcases.Logintest">
        <test-method is-config="true" signature="StartTest()[pri:0, instance:com.sai.testcases.Logintest@6e509ffa]" started-at="2022-04-07T10:36:38Z" name="StartTest" finished-at="2022-04-07T10:37:01Z" duration-ms="23365" status="PASS">
          <reporter-output>
          </reporter-output>
        </test-method> <!-- StartTest -->
        <test-method signature="Login()[pri:0, instance:com.sai.testcases.Logintest@6e509ffa]" started-at="2022-04-07T10:37:01Z" name="Login" finished-at="2022-04-07T10:37:22Z" duration-ms="20650" status="PASS">
          <reporter-output>
          </reporter-output>
        </test-method> <!-- Login -->
        <test-method is-config="true" signature="TearDown()[pri:0, instance:com.sai.testcases.Logintest@6e509ffa]" started-at="2022-04-07T10:37:22Z" name="TearDown" finished-at="2022-04-07T10:37:23Z" duration-ms="923" status="PASS">
          <reporter-output>
          </reporter-output>
        </test-method> <!-- TearDown -->
      </class> <!-- com.sai.testcases.Logintest -->
    </test> <!-- Test(failed) -->
  </suite> <!-- Failed suite [Suite] -->
</testng-results>
